<?xml version="1.0" encoding="UTF-8"?>
<!-- Generated by org.testng.reporters.JUnitReportReporter -->
<testsuite skipped="0" hostname="Welcome-PC" name="com.leafBot.testcases.CL" tests="1" failures="0" timestamp="14 Jul 2019 12:31:59 GMT" time="39.706" errors="0">
  <testcase name="loginAndLogout" time="39.706" classname="com.leafBot.testcases.CL"/>
</testsuite> <!-- com.leafBot.testcases.CL -->
